[+0.00s] DEBUG: Logging to /var/log/lightdm/lightdm.log
[+0.00s] DEBUG: Starting Light Display Manager 1.30.0, UID=0 PID=585
[+0.00s] DEBUG: Loading configuration dirs from /usr/share/lightdm/lightdm.conf.d
[+0.00s] DEBUG: Loading configuration dirs from /usr/local/share/lightdm/lightdm.conf.d
[+0.00s] DEBUG: Loading configuration dirs from /etc/xdg/lightdm/lightdm.conf.d
[+0.00s] DEBUG: Loading configuration from /etc/lightdm/lightdm.conf
[+0.00s] DEBUG: Registered seat module local
[+0.00s] DEBUG: Registered seat module xremote
[+0.00s] DEBUG: Using D-Bus name org.freedesktop.DisplayManager
[+0.00s] DEBUG: _g_io_module_get_default: Found default implementation local (GLocalVfs) for ‘gio-vfs’
[+0.01s] DEBUG: Monitoring logind for seats
[+0.01s] DEBUG: New seat added from logind: seat0
[+0.01s] DEBUG: Seat seat0: Loading properties from config section Seat:*
[+0.01s] DEBUG: Seat seat0: Starting
[+0.01s] DEBUG: Seat seat0: Creating greeter session
[+0.01s] DEBUG: Seat seat0: Creating display server of type x
[+0.01s] DEBUG: posix_spawn avoided (fd close requested) 
[+0.01s] DEBUG: Could not run plymouth --ping: Failed to execute child process “plymouth” (No such file or directory)
[+0.01s] DEBUG: Using VT 7
[+0.01s] DEBUG: Seat seat0: Starting local X display on VT 7
[+0.01s] DEBUG: XServer 0: Logging to /var/log/lightdm/x-0.log
[+0.01s] DEBUG: XServer 0: Writing X server authority to /run/lightdm/root/:0
[+0.01s] DEBUG: XServer 0: Launching X Server
[+0.01s] DEBUG: Launching process 591: /usr/bin/X :0 -seat seat0 -auth /run/lightdm/root/:0 -nolisten tcp vt7 -novtswitch
[+0.01s] DEBUG: XServer 0: Waiting for ready signal from X server :0
[+0.01s] DEBUG: Acquired bus name org.freedesktop.DisplayManager
[+0.01s] DEBUG: Registering seat with bus path /org/freedesktop/DisplayManager/Seat0
[+0.01s] DEBUG: Loading users from org.freedesktop.Accounts
[+0.01s] DEBUG: User /org/freedesktop/Accounts/User1000 added
[+0.02s] DEBUG: Process 591 exited with return value 1
[+0.02s] DEBUG: XServer 0: X server stopped
[+0.02s] DEBUG: Releasing VT 7
[+0.02s] DEBUG: XServer 0: Removing X server authority /run/lightdm/root/:0
[+0.02s] DEBUG: Seat seat0: Display server stopped
[+0.02s] DEBUG: Seat seat0: Stopping session
[+0.02s] DEBUG: Seat seat0: Session stopped
[+0.02s] DEBUG: Seat seat0: Stopping display server, no sessions require it
[+0.02s] DEBUG: Seat seat0: Stopping; greeter display server failed to start
[+0.02s] DEBUG: Seat seat0: Stopping
[+0.02s] DEBUG: Seat seat0: Stopped
[+0.02s] DEBUG: Required seat has stopped
[+0.02s] DEBUG: Stopping display manager
[+0.02s] DEBUG: Display manager stopped
[+0.02s] DEBUG: Stopping daemon
[+0.02s] DEBUG: Exiting with return value 1
