[2020-02-13 21:18:11.478] [sharedprocess] [info] main {"machineId":"1a63770a24099f882e53c019691ba3f2f9c41019c2d0394fa14ff90491bdb867","windowId":2}
[2020-02-13 21:18:12.176] [sharedprocess] [info] Deleted from disk ms-python.python /home/schubert/.vscode-oss/extensions/ms-python.python-2020.1.58038
[2020-02-13 21:18:51.490] [sharedprocess] [info] Starting to clean up unused language packs.
[2020-02-13 21:19:10.704] [sharedprocess] [info] Installing extension: coenraads.bracket-pair-colorizer
[2020-02-13 21:19:11.430] [sharedprocess] [info] Downloaded extension: coenraads.bracket-pair-colorizer /tmp/fc9a2bff-3b72-44ca-afcb-273d398de63b
[2020-02-13 21:19:11.853] [sharedprocess] [info] Extracted extension to /home/schubert/.vscode-oss/extensions/.coenraads.bracket-pair-colorizer-1.0.61: coenraads.bracket-pair-colorizer
[2020-02-13 21:19:11.854] [sharedprocess] [info] Renamed to /home/schubert/.vscode-oss/extensions/coenraads.bracket-pair-colorizer-1.0.61
[2020-02-13 21:19:11.854] [sharedprocess] [info] Installation completed. coenraads.bracket-pair-colorizer
[2020-02-13 21:19:11.894] [sharedprocess] [info] Extensions installed successfully: coenraads.bracket-pair-colorizer
[2020-02-13 21:23:30.224] [sharedprocess] [info] Installing extension: vscode-icons-team.vscode-icons
[2020-02-13 21:23:31.157] [sharedprocess] [info] Downloaded extension: vscode-icons-team.vscode-icons /tmp/9682cf66-3a74-44f4-a729-0d2402ab1286
[2020-02-13 21:23:31.990] [sharedprocess] [info] Extracted extension to /home/schubert/.vscode-oss/extensions/.vscode-icons-team.vscode-icons-9.7.0: vscode-icons-team.vscode-icons
[2020-02-13 21:23:31.991] [sharedprocess] [info] Renamed to /home/schubert/.vscode-oss/extensions/vscode-icons-team.vscode-icons-9.7.0
[2020-02-13 21:23:31.993] [sharedprocess] [info] Installation completed. vscode-icons-team.vscode-icons
[2020-02-13 21:23:32.050] [sharedprocess] [info] Extensions installed successfully: vscode-icons-team.vscode-icons
[2020-02-13 21:23:43.461] [sharedprocess] [info] Uninstalling extension: vscode-icons-team.vscode-icons
[2020-02-13 21:23:43.538] [sharedprocess] [info] Successfully uninstalled extension: vscode-icons-team.vscode-icons
[2020-02-13 21:23:46.034] [sharedprocess] [info] Installing extension: pkief.material-icon-theme
[2020-02-13 21:23:46.378] [sharedprocess] [info] Downloaded extension: pkief.material-icon-theme /tmp/798df12f-ccf1-477a-a21c-1fe8d391b0ca
[2020-02-13 21:23:46.778] [sharedprocess] [info] Extracted extension to /home/schubert/.vscode-oss/extensions/.pkief.material-icon-theme-3.9.3: pkief.material-icon-theme
[2020-02-13 21:23:46.778] [sharedprocess] [info] Renamed to /home/schubert/.vscode-oss/extensions/pkief.material-icon-theme-3.9.3
[2020-02-13 21:23:46.778] [sharedprocess] [info] Installation completed. pkief.material-icon-theme
[2020-02-13 21:23:46.817] [sharedprocess] [info] Extensions installed successfully: pkief.material-icon-theme
[2020-02-13 21:24:21.636] [sharedprocess] [info] Installing extension: sdras.night-owl
[2020-02-13 21:24:22.196] [sharedprocess] [info] Downloaded extension: sdras.night-owl /tmp/ff0bf731-2e68-4f0e-ba90-6f0c07aa59d0
[2020-02-13 21:24:22.284] [sharedprocess] [info] Extracted extension to /home/schubert/.vscode-oss/extensions/.sdras.night-owl-1.1.3: sdras.night-owl
[2020-02-13 21:24:22.285] [sharedprocess] [info] Renamed to /home/schubert/.vscode-oss/extensions/sdras.night-owl-1.1.3
[2020-02-13 21:24:22.285] [sharedprocess] [info] Installation completed. sdras.night-owl
[2020-02-13 21:24:22.325] [sharedprocess] [info] Extensions installed successfully: sdras.night-owl
[2020-02-13 21:24:29.477] [sharedprocess] [info] Uninstalling extension: sdras.night-owl
[2020-02-13 21:24:29.552] [sharedprocess] [info] Successfully uninstalled extension: sdras.night-owl
[2020-02-13 21:24:35.111] [sharedprocess] [info] Installing extension: arcticicestudio.nord-visual-studio-code
[2020-02-13 21:24:35.592] [sharedprocess] [info] Downloaded extension: arcticicestudio.nord-visual-studio-code /tmp/1182c95e-5be0-475a-8c8d-6df126fc3d7b
[2020-02-13 21:24:35.649] [sharedprocess] [info] Extracted extension to /home/schubert/.vscode-oss/extensions/.arcticicestudio.nord-visual-studio-code-0.13.0: arcticicestudio.nord-visual-studio-code
[2020-02-13 21:24:35.650] [sharedprocess] [info] Renamed to /home/schubert/.vscode-oss/extensions/arcticicestudio.nord-visual-studio-code-0.13.0
[2020-02-13 21:24:35.650] [sharedprocess] [info] Installation completed. arcticicestudio.nord-visual-studio-code
[2020-02-13 21:24:35.681] [sharedprocess] [info] Extensions installed successfully: arcticicestudio.nord-visual-studio-code
[2020-02-13 21:24:52.493] [sharedprocess] [info] Installing extension: liviuschera.noctis
[2020-02-13 21:24:53.147] [sharedprocess] [info] Downloaded extension: liviuschera.noctis /tmp/7a9f6a82-e51b-4477-a3eb-3982291f8153
[2020-02-13 21:24:53.237] [sharedprocess] [info] Extracted extension to /home/schubert/.vscode-oss/extensions/.liviuschera.noctis-10.26.0: liviuschera.noctis
[2020-02-13 21:24:53.237] [sharedprocess] [info] Renamed to /home/schubert/.vscode-oss/extensions/liviuschera.noctis-10.26.0
[2020-02-13 21:24:53.238] [sharedprocess] [info] Installation completed. liviuschera.noctis
[2020-02-13 21:24:53.275] [sharedprocess] [info] Extensions installed successfully: liviuschera.noctis
[2020-02-13 21:25:18.162] [sharedprocess] [info] Uninstalling extension: arcticicestudio.nord-visual-studio-code
[2020-02-13 21:25:18.237] [sharedprocess] [info] Successfully uninstalled extension: arcticicestudio.nord-visual-studio-code
[2020-02-13 21:26:45.102] [sharedprocess] [info] Installing extension: donjayamanne.python-extension-pack
[2020-02-13 21:26:45.492] [sharedprocess] [info] Downloaded extension: donjayamanne.python-extension-pack /tmp/262f0d75-a062-4e92-8a97-f99350f0ccef
[2020-02-13 21:26:45.544] [sharedprocess] [info] Extracted extension to /home/schubert/.vscode-oss/extensions/.donjayamanne.python-extension-pack-1.6.0: donjayamanne.python-extension-pack
[2020-02-13 21:26:45.545] [sharedprocess] [info] Renamed to /home/schubert/.vscode-oss/extensions/donjayamanne.python-extension-pack-1.6.0
[2020-02-13 21:26:45.545] [sharedprocess] [info] Installation completed. donjayamanne.python-extension-pack
[2020-02-13 21:26:45.842] [sharedprocess] [info] Installing extension: visualstudioexptteam.vscodeintellicode
[2020-02-13 21:26:45.843] [sharedprocess] [info] Installing extension: magicstack.magicpython
[2020-02-13 21:26:45.843] [sharedprocess] [info] Installing extension: wholroyd.jinja
[2020-02-13 21:26:45.843] [sharedprocess] [info] Installing extension: batisteo.vscode-django
[2020-02-13 21:26:46.631] [sharedprocess] [info] Downloaded extension: magicstack.magicpython /tmp/d6daeca8-dfac-41ca-bb22-394e1b97b128
[2020-02-13 21:26:46.666] [sharedprocess] [info] Downloaded extension: wholroyd.jinja /tmp/3b8efcbb-fc10-4066-9541-023d8151eb41
[2020-02-13 21:26:46.723] [sharedprocess] [info] Extracted extension to /home/schubert/.vscode-oss/extensions/.wholroyd.jinja-0.0.8: wholroyd.jinja
[2020-02-13 21:26:46.723] [sharedprocess] [info] Renamed to /home/schubert/.vscode-oss/extensions/wholroyd.jinja-0.0.8
[2020-02-13 21:26:46.724] [sharedprocess] [info] Installation completed. wholroyd.jinja
[2020-02-13 21:26:46.754] [sharedprocess] [info] Extensions installed successfully: wholroyd.jinja
[2020-02-13 21:26:46.902] [sharedprocess] [info] Extracted extension to /home/schubert/.vscode-oss/extensions/.magicstack.magicpython-1.1.0: magicstack.magicpython
[2020-02-13 21:26:46.902] [sharedprocess] [info] Renamed to /home/schubert/.vscode-oss/extensions/magicstack.magicpython-1.1.0
[2020-02-13 21:26:46.903] [sharedprocess] [info] Installation completed. magicstack.magicpython
[2020-02-13 21:26:46.948] [sharedprocess] [info] Extensions installed successfully: magicstack.magicpython
[2020-02-13 21:26:48.856] [sharedprocess] [info] Downloaded extension: visualstudioexptteam.vscodeintellicode /tmp/0fb6f547-ab26-4bad-b376-349749aeda5d
[2020-02-13 21:26:48.863] [sharedprocess] [info] Downloaded extension: batisteo.vscode-django /tmp/5efbb9a2-40e8-4ee4-862e-85da00c48911
[2020-02-13 21:26:49.352] [sharedprocess] [info] Extracted extension to /home/schubert/.vscode-oss/extensions/.visualstudioexptteam.vscodeintellicode-1.2.5: visualstudioexptteam.vscodeintellicode
[2020-02-13 21:26:49.352] [sharedprocess] [info] Renamed to /home/schubert/.vscode-oss/extensions/visualstudioexptteam.vscodeintellicode-1.2.5
[2020-02-13 21:26:49.353] [sharedprocess] [info] Installation completed. visualstudioexptteam.vscodeintellicode
[2020-02-13 21:26:49.405] [sharedprocess] [info] Extensions installed successfully: visualstudioexptteam.vscodeintellicode
[2020-02-13 21:26:50.328] [sharedprocess] [info] Extracted extension to /home/schubert/.vscode-oss/extensions/.batisteo.vscode-django-0.19.0: batisteo.vscode-django
[2020-02-13 21:26:50.328] [sharedprocess] [info] Renamed to /home/schubert/.vscode-oss/extensions/batisteo.vscode-django-0.19.0
[2020-02-13 21:26:50.329] [sharedprocess] [info] Installation completed. batisteo.vscode-django
[2020-02-13 21:26:50.384] [sharedprocess] [info] Extensions installed successfully: batisteo.vscode-django
[2020-02-13 21:26:50.385] [sharedprocess] [info] Extensions installed successfully: donjayamanne.python-extension-pack
[2020-02-13 21:29:29.683] [sharedprocess] [info] Installing extension: christian-kohler.path-intellisense
[2020-02-13 21:29:30.283] [sharedprocess] [info] Downloaded extension: christian-kohler.path-intellisense /tmp/17dc573d-15b8-479b-95bf-8af5632f3514
[2020-02-13 21:29:30.364] [sharedprocess] [info] Extracted extension to /home/schubert/.vscode-oss/extensions/.christian-kohler.path-intellisense-1.4.2: christian-kohler.path-intellisense
[2020-02-13 21:29:30.364] [sharedprocess] [info] Renamed to /home/schubert/.vscode-oss/extensions/christian-kohler.path-intellisense-1.4.2
[2020-02-13 21:29:30.365] [sharedprocess] [info] Installation completed. christian-kohler.path-intellisense
[2020-02-13 21:29:30.399] [sharedprocess] [info] Extensions installed successfully: christian-kohler.path-intellisense
[2020-02-13 21:30:50.060] [sharedprocess] [info] Installing extension: zhuangtongfa.material-theme
[2020-02-13 21:30:50.576] [sharedprocess] [info] Downloaded extension: zhuangtongfa.material-theme /tmp/1697a378-9f78-400f-8681-20c440531745
[2020-02-13 21:30:50.731] [sharedprocess] [info] Extracted extension to /home/schubert/.vscode-oss/extensions/.zhuangtongfa.material-theme-3.2.2: zhuangtongfa.material-theme
[2020-02-13 21:30:50.731] [sharedprocess] [info] Renamed to /home/schubert/.vscode-oss/extensions/zhuangtongfa.material-theme-3.2.2
[2020-02-13 21:30:50.731] [sharedprocess] [info] Installation completed. zhuangtongfa.material-theme
[2020-02-13 21:30:50.771] [sharedprocess] [info] Extensions installed successfully: zhuangtongfa.material-theme
[2020-02-13 21:33:19.117] [sharedprocess] [info] Installing extension: ahmadawais.shades-of-purple
[2020-02-13 21:33:19.715] [sharedprocess] [info] Downloaded extension: ahmadawais.shades-of-purple /tmp/fbd41cc4-21fd-4373-aef4-66c971830f8b
[2020-02-13 21:33:19.774] [sharedprocess] [info] Extracted extension to /home/schubert/.vscode-oss/extensions/.ahmadawais.shades-of-purple-6.3.0: ahmadawais.shades-of-purple
[2020-02-13 21:33:19.774] [sharedprocess] [info] Renamed to /home/schubert/.vscode-oss/extensions/ahmadawais.shades-of-purple-6.3.0
[2020-02-13 21:33:19.774] [sharedprocess] [info] Installation completed. ahmadawais.shades-of-purple
[2020-02-13 21:33:19.807] [sharedprocess] [info] Extensions installed successfully: ahmadawais.shades-of-purple
[2020-02-13 21:33:46.162] [sharedprocess] [info] Uninstalling extension: batisteo.vscode-django
[2020-02-13 21:33:46.253] [sharedprocess] [info] Successfully uninstalled extension: batisteo.vscode-django
[2020-02-13 21:33:49.063] [sharedprocess] [info] Installing extension: batisteo.vscode-django
[2020-02-13 21:33:49.400] [sharedprocess] [info] Downloaded extension: batisteo.vscode-django /tmp/edeb23a5-2969-47d0-9879-a2602e182051
[2020-02-13 21:33:49.629] [sharedprocess] [info] Removed the extension from uninstalled list: batisteo.vscode-django
[2020-02-13 21:33:49.663] [sharedprocess] [info] Extensions installed successfully: batisteo.vscode-django
[2020-02-13 21:33:55.996] [sharedprocess] [info] Uninstalling extension: ahmadawais.shades-of-purple
[2020-02-13 21:33:56.071] [sharedprocess] [info] Successfully uninstalled extension: ahmadawais.shades-of-purple
[2020-02-13 21:34:04.908] [sharedprocess] [info] Uninstalling extension: liviuschera.noctis
[2020-02-13 21:34:04.983] [sharedprocess] [info] Successfully uninstalled extension: liviuschera.noctis
[2020-02-13 21:34:19.123] [sharedprocess] [info] Installing extension: eliverlara.andromeda
[2020-02-13 21:34:19.649] [sharedprocess] [info] Downloaded extension: eliverlara.andromeda /tmp/eebd4a6d-f624-430a-bad8-50de3d399378
[2020-02-13 21:34:19.717] [sharedprocess] [info] Extracted extension to /home/schubert/.vscode-oss/extensions/.eliverlara.andromeda-1.6.1: eliverlara.andromeda
[2020-02-13 21:34:19.717] [sharedprocess] [info] Renamed to /home/schubert/.vscode-oss/extensions/eliverlara.andromeda-1.6.1
[2020-02-13 21:34:19.717] [sharedprocess] [info] Installation completed. eliverlara.andromeda
[2020-02-13 21:34:19.763] [sharedprocess] [info] Extensions installed successfully: eliverlara.andromeda
[2020-02-13 21:34:59.518] [sharedprocess] [info] Installing extension: max-ss.cyberpunk
[2020-02-13 21:35:00.215] [sharedprocess] [info] Downloaded extension: max-ss.cyberpunk /tmp/e5049520-7bf7-4d34-a59c-83f81d45adf1
[2020-02-13 21:35:20.029] [sharedprocess] [info] Extracted extension to /home/schubert/.vscode-oss/extensions/.max-ss.cyberpunk-1.2.5: max-ss.cyberpunk
[2020-02-13 21:35:20.029] [sharedprocess] [info] Renamed to /home/schubert/.vscode-oss/extensions/max-ss.cyberpunk-1.2.5
[2020-02-13 21:35:20.030] [sharedprocess] [info] Installation completed. max-ss.cyberpunk
[2020-02-13 21:35:20.073] [sharedprocess] [info] Extensions installed successfully: max-ss.cyberpunk
