User belongs to experiment group 'ShowPlayIcon - start'
User belongs to experiment group 'ShowExtensionSurveyPrompt - control'
User belongs to experiment group 'DebugAdapterFactory - experiment'
User belongs to experiment group 'PtvsdWheels37 - control'
User belongs to experiment group 'LS - control'
User belongs to experiment group 'UseTerminalToGetActivatedEnvVars - control'
User belongs to experiment group 'WebHostNotebook - control'
> conda --version
> pyenv root
> python3.7 -c "import sys;print(sys.executable)"
> python3.6 -c "import sys;print(sys.executable)"
> python3 -c "import sys;print(sys.executable)"
> python2 -c "import sys;print(sys.executable)"
> python -c "import sys;print(sys.executable)"
> python -c "import sys;print(sys.executable)"
> conda info --json
> /usr/bin/python ~/.vscode-oss/extensions/ms-python.python-2020.1.58038/pythonFiles/interpreterInfo.py
> /usr/bin/python ~/.vscode-oss/extensions/ms-python.python-2020.1.58038/pythonFiles/interpreterInfo.py
> /usr/bin/python2 ~/.vscode-oss/extensions/ms-python.python-2020.1.58038/pythonFiles/interpreterInfo.py
> /usr/bin/python2 ~/.vscode-oss/extensions/ms-python.python-2020.1.58038/pythonFiles/interpreterInfo.py
> /usr/bin/python2.7 ~/.vscode-oss/extensions/ms-python.python-2020.1.58038/pythonFiles/interpreterInfo.py
> /usr/bin/python2.7 ~/.vscode-oss/extensions/ms-python.python-2020.1.58038/pythonFiles/interpreterInfo.py
> /usr/bin/python3 ~/.vscode-oss/extensions/ms-python.python-2020.1.58038/pythonFiles/interpreterInfo.py
> /usr/bin/python3 ~/.vscode-oss/extensions/ms-python.python-2020.1.58038/pythonFiles/interpreterInfo.py
> /usr/bin/python3.8 ~/.vscode-oss/extensions/ms-python.python-2020.1.58038/pythonFiles/interpreterInfo.py
> /usr/bin/python3.8 ~/.vscode-oss/extensions/ms-python.python-2020.1.58038/pythonFiles/interpreterInfo.py
> /bin/python ~/.vscode-oss/extensions/ms-python.python-2020.1.58038/pythonFiles/interpreterInfo.py
> /bin/python ~/.vscode-oss/extensions/ms-python.python-2020.1.58038/pythonFiles/interpreterInfo.py
> /bin/python2 ~/.vscode-oss/extensions/ms-python.python-2020.1.58038/pythonFiles/interpreterInfo.py
> /bin/python2 ~/.vscode-oss/extensions/ms-python.python-2020.1.58038/pythonFiles/interpreterInfo.py
> /bin/python2.7 ~/.vscode-oss/extensions/ms-python.python-2020.1.58038/pythonFiles/interpreterInfo.py
> /bin/python2.7 ~/.vscode-oss/extensions/ms-python.python-2020.1.58038/pythonFiles/interpreterInfo.py
> /bin/python3 ~/.vscode-oss/extensions/ms-python.python-2020.1.58038/pythonFiles/interpreterInfo.py
> /bin/python3 ~/.vscode-oss/extensions/ms-python.python-2020.1.58038/pythonFiles/interpreterInfo.py
> /usr/bin/python ~/.vscode-oss/extensions/ms-python.python-2020.1.58038/pythonFiles/interpreterInfo.py
> /usr/bin/python ~/.vscode-oss/extensions/ms-python.python-2020.1.58038/pythonFiles/interpreterInfo.py
> /bin/python3.8 ~/.vscode-oss/extensions/ms-python.python-2020.1.58038/pythonFiles/interpreterInfo.py
> /bin/python3.8 ~/.vscode-oss/extensions/ms-python.python-2020.1.58038/pythonFiles/interpreterInfo.py
> /usr/bin/python2 ~/.vscode-oss/extensions/ms-python.python-2020.1.58038/pythonFiles/interpreterInfo.py
> /usr/bin/python2 ~/.vscode-oss/extensions/ms-python.python-2020.1.58038/pythonFiles/interpreterInfo.py
> /usr/bin/python2.7 ~/.vscode-oss/extensions/ms-python.python-2020.1.58038/pythonFiles/interpreterInfo.py
> /usr/bin/python2.7 ~/.vscode-oss/extensions/ms-python.python-2020.1.58038/pythonFiles/interpreterInfo.py
> /usr/bin/python3 ~/.vscode-oss/extensions/ms-python.python-2020.1.58038/pythonFiles/interpreterInfo.py
> /usr/bin/python3 ~/.vscode-oss/extensions/ms-python.python-2020.1.58038/pythonFiles/interpreterInfo.py
> /usr/bin/python3.8 ~/.vscode-oss/extensions/ms-python.python-2020.1.58038/pythonFiles/interpreterInfo.py
> /usr/bin/python3.8 ~/.vscode-oss/extensions/ms-python.python-2020.1.58038/pythonFiles/interpreterInfo.py
> /bin/python2 ~/.vscode-oss/extensions/ms-python.python-2020.1.58038/pythonFiles/interpreterInfo.py
> /bin/python2 ~/.vscode-oss/extensions/ms-python.python-2020.1.58038/pythonFiles/interpreterInfo.py
> /bin/python ~/.vscode-oss/extensions/ms-python.python-2020.1.58038/pythonFiles/interpreterInfo.py
> /bin/python ~/.vscode-oss/extensions/ms-python.python-2020.1.58038/pythonFiles/interpreterInfo.py
> /bin/python2.7 ~/.vscode-oss/extensions/ms-python.python-2020.1.58038/pythonFiles/interpreterInfo.py
> /bin/python2.7 ~/.vscode-oss/extensions/ms-python.python-2020.1.58038/pythonFiles/interpreterInfo.py
> /bin/python3 ~/.vscode-oss/extensions/ms-python.python-2020.1.58038/pythonFiles/interpreterInfo.py
> /bin/python3 ~/.vscode-oss/extensions/ms-python.python-2020.1.58038/pythonFiles/interpreterInfo.py
> /bin/python3.8 ~/.vscode-oss/extensions/ms-python.python-2020.1.58038/pythonFiles/interpreterInfo.py
> /bin/python3.8 ~/.vscode-oss/extensions/ms-python.python-2020.1.58038/pythonFiles/interpreterInfo.py
> /usr/sbin/python ~/.vscode-oss/extensions/ms-python.python-2020.1.58038/pythonFiles/interpreterInfo.py
> /usr/sbin/python ~/.vscode-oss/extensions/ms-python.python-2020.1.58038/pythonFiles/interpreterInfo.py
> /usr/sbin/python2 ~/.vscode-oss/extensions/ms-python.python-2020.1.58038/pythonFiles/interpreterInfo.py
> /usr/sbin/python2 ~/.vscode-oss/extensions/ms-python.python-2020.1.58038/pythonFiles/interpreterInfo.py
> /usr/sbin/python2.7 ~/.vscode-oss/extensions/ms-python.python-2020.1.58038/pythonFiles/interpreterInfo.py
> /usr/sbin/python2.7 ~/.vscode-oss/extensions/ms-python.python-2020.1.58038/pythonFiles/interpreterInfo.py
> /usr/sbin/python3 ~/.vscode-oss/extensions/ms-python.python-2020.1.58038/pythonFiles/interpreterInfo.py
> /usr/sbin/python3 ~/.vscode-oss/extensions/ms-python.python-2020.1.58038/pythonFiles/interpreterInfo.py
> /usr/sbin/python3.8 ~/.vscode-oss/extensions/ms-python.python-2020.1.58038/pythonFiles/interpreterInfo.py
> /usr/sbin/python3.8 ~/.vscode-oss/extensions/ms-python.python-2020.1.58038/pythonFiles/interpreterInfo.py
> /sbin/python ~/.vscode-oss/extensions/ms-python.python-2020.1.58038/pythonFiles/interpreterInfo.py
> /sbin/python ~/.vscode-oss/extensions/ms-python.python-2020.1.58038/pythonFiles/interpreterInfo.py
> /sbin/python2 ~/.vscode-oss/extensions/ms-python.python-2020.1.58038/pythonFiles/interpreterInfo.py
> /sbin/python2 ~/.vscode-oss/extensions/ms-python.python-2020.1.58038/pythonFiles/interpreterInfo.py
> /sbin/python2.7 ~/.vscode-oss/extensions/ms-python.python-2020.1.58038/pythonFiles/interpreterInfo.py
> /sbin/python2.7 ~/.vscode-oss/extensions/ms-python.python-2020.1.58038/pythonFiles/interpreterInfo.py
> /sbin/python3 ~/.vscode-oss/extensions/ms-python.python-2020.1.58038/pythonFiles/interpreterInfo.py
> /sbin/python3 ~/.vscode-oss/extensions/ms-python.python-2020.1.58038/pythonFiles/interpreterInfo.py
> /sbin/python3.8 ~/.vscode-oss/extensions/ms-python.python-2020.1.58038/pythonFiles/interpreterInfo.py
> /sbin/python3.8 ~/.vscode-oss/extensions/ms-python.python-2020.1.58038/pythonFiles/interpreterInfo.py
Starting Jedi Python language engine.
> conda --version
> /usr/bin/python -c "import sys;print(sys.prefix)"
cwd: ~/.vscode-oss/extensions/ms-python.python-2020.1.58038/out/client
> /usr/bin/python -c "import sys;print(sys.prefix)"
cwd: ~/.vscode-oss/extensions/ms-python.python-2020.1.58038/out/client
> /usr/bin/python -c "import sys;print(sys.executable)"
cwd: ~/.vscode-oss/extensions/ms-python.python-2020.1.58038/out/client
> /usr/bin/python -c "import sys;print(sys.executable)"
cwd: ~/.vscode-oss/extensions/ms-python.python-2020.1.58038/out/client
> /usr/bin/python -c "from distutils.sysconfig import get_python_lib; print(get_python_lib())"
cwd: ~/.vscode-oss/extensions/ms-python.python-2020.1.58038/out/client
> /usr/bin/python -c "from distutils.sysconfig import get_python_lib; print(get_python_lib())"
cwd: ~/.vscode-oss/extensions/ms-python.python-2020.1.58038/out/client
> /usr/bin/python -m site --user-site
cwd: ~/.vscode-oss/extensions/ms-python.python-2020.1.58038/out/client
> /usr/bin/python -m site --user-site
cwd: ~/.vscode-oss/extensions/ms-python.python-2020.1.58038/out/client
> /usr/bin/python completion.py
cwd: ~/.vscode-oss/extensions/ms-python.python-2020.1.58038/pythonFiles
> /usr/bin/python completion.py
cwd: ~/.vscode-oss/extensions/ms-python.python-2020.1.58038/pythonFiles
